<?xml version="1.0" encoding="UTF-8"?>
<!-- Generated by org.testng.reporters.JUnitReportReporter -->
<testsuite skipped="17" hostname="RAJUK4" name="com.automation.drivers.DriverScript_Smoke" tests="18" failures="0" timestamp="16 Mar 2018 06:35:30 GMT" time="27.562" errors="1">
  <testcase name="start" time="27.562" classname="com.automation.drivers.DriverScript_Smoke">
    <error type="org.openqa.selenium.NoSuchElementException" message="no such element: Unable to locate element: {&quot;method&quot;:&quot;xpath&quot;,&quot;selector&quot;:&quot;(.//span[text()=&#039;Access Control Policy&#039;])/..&quot;}
  (Session info: chrome=65.0.3325.162)
  (Driver info: chromedriver=2.33.506120 (e3e53437346286c0bc2d2dc9aa4915ba81d9023f),platform=Windows NT 6.1.7601 SP1 x86_64) (WARNING: The server did not provide any stacktrace information)
Command duration or timeout: 0 milliseconds
For documentation on this error, please visit: http://seleniumhq.org/exceptions/no_such_element.html
Build info: version: &#039;3.8.1&#039;, revision: &#039;6e95a6684b&#039;, time: &#039;2017-12-01T19:05:14.666Z&#039;
System info: host: &#039;RAJUK4&#039;, ip: &#039;10.41.105.36&#039;, os.name: &#039;Windows 7&#039;, os.arch: &#039;amd64&#039;, os.version: &#039;6.1&#039;, java.version: &#039;1.8.0_121&#039;
Driver info: org.openqa.selenium.chrome.ChromeDriver
Capabilities {acceptSslCerts: true, applicationCacheEnabled: false, browserConnectionEnabled: false, browserName: chrome, chrome: {chromedriverVersion: 2.33.506120 (e3e53437346286..., userDataDir: C:\Users\rajuk\AppData\Loca...}, cssSelectorsEnabled: true, databaseEnabled: false, handlesAlerts: true, hasTouchScreen: false, javascriptEnabled: true, locationContextEnabled: true, mobileEmulationEnabled: false, nativeEvents: true, networkConnectionEnabled: false, pageLoadStrategy: normal, platform: XP, platformName: XP, rotatable: false, setWindowRect: true, takesHeapSnapshot: true, takesScreenshot: true, unexpectedAlertBehaviour: , unhandledPromptBehavior: , version: 65.0.3325.162, webStorageEnabled: true}
Session ID: e554669777523b678a492326cc9a4982
*** Element info: {Using=xpath, value=(.//span[text()=&#039;Access Control Policy&#039;])/..}">
      <![CDATA[org.openqa.selenium.NoSuchElementException: no such element: Unable to locate element: {"method":"xpath","selector":"(.//span[text()='Access Control Policy'])/.."}
  (Session info: chrome=65.0.3325.162)
  (Driver info: chromedriver=2.33.506120 (e3e53437346286c0bc2d2dc9aa4915ba81d9023f),platform=Windows NT 6.1.7601 SP1 x86_64) (WARNING: The server did not provide any stacktrace information)
Command duration or timeout: 0 milliseconds
For documentation on this error, please visit: http://seleniumhq.org/exceptions/no_such_element.html
Build info: version: '3.8.1', revision: '6e95a6684b', time: '2017-12-01T19:05:14.666Z'
System info: host: 'RAJUK4', ip: '10.41.105.36', os.name: 'Windows 7', os.arch: 'amd64', os.version: '6.1', java.version: '1.8.0_121'
Driver info: org.openqa.selenium.chrome.ChromeDriver
Capabilities {acceptSslCerts: true, applicationCacheEnabled: false, browserConnectionEnabled: false, browserName: chrome, chrome: {chromedriverVersion: 2.33.506120 (e3e53437346286..., userDataDir: C:\Users\rajuk\AppData\Loca...}, cssSelectorsEnabled: true, databaseEnabled: false, handlesAlerts: true, hasTouchScreen: false, javascriptEnabled: true, locationContextEnabled: true, mobileEmulationEnabled: false, nativeEvents: true, networkConnectionEnabled: false, pageLoadStrategy: normal, platform: XP, platformName: XP, rotatable: false, setWindowRect: true, takesHeapSnapshot: true, takesScreenshot: true, unexpectedAlertBehaviour: , unhandledPromptBehavior: , version: 65.0.3325.162, webStorageEnabled: true}
Session ID: e554669777523b678a492326cc9a4982
*** Element info: {Using=xpath, value=(.//span[text()='Access Control Policy'])/..}
	at sun.reflect.NativeConstructorAccessorImpl.newInstance0(Native Method)
	at sun.reflect.NativeConstructorAccessorImpl.newInstance(Unknown Source)
	at sun.reflect.DelegatingConstructorAccessorImpl.newInstance(Unknown Source)
	at java.lang.reflect.Constructor.newInstance(Unknown Source)
	at org.openqa.selenium.remote.ErrorHandler.createThrowable(ErrorHandler.java:214)
	at org.openqa.selenium.remote.ErrorHandler.throwIfResponseFailed(ErrorHandler.java:166)
	at org.openqa.selenium.remote.http.JsonHttpResponseCodec.reconstructValue(JsonHttpResponseCodec.java:40)
	at org.openqa.selenium.remote.http.AbstractHttpResponseCodec.decode(AbstractHttpResponseCodec.java:80)
	at org.openqa.selenium.remote.http.AbstractHttpResponseCodec.decode(AbstractHttpResponseCodec.java:44)
	at org.openqa.selenium.remote.HttpCommandExecutor.execute(HttpCommandExecutor.java:164)
	at org.openqa.selenium.remote.service.DriverCommandExecutor.execute(DriverCommandExecutor.java:83)
	at org.openqa.selenium.remote.RemoteWebDriver.execute(RemoteWebDriver.java:601)
	at org.openqa.selenium.remote.RemoteWebDriver.findElement(RemoteWebDriver.java:371)
	at org.openqa.selenium.remote.RemoteWebDriver.findElementByXPath(RemoteWebDriver.java:473)
	at org.openqa.selenium.By$ByXPath.findElement(By.java:361)
	at org.openqa.selenium.remote.RemoteWebDriver.findElement(RemoteWebDriver.java:363)
	at com.automation.pageobjects.DefaultResources.checkIfAcpAndAppExists(DefaultResources.java:105)
	at com.automation.drivers.DriverScript_Smoke.start(DriverScript_Smoke.java:33)
	at sun.reflect.NativeMethodAccessorImpl.invoke0(Native Method)
	at sun.reflect.NativeMethodAccessorImpl.invoke(Unknown Source)
	at sun.reflect.DelegatingMethodAccessorImpl.invoke(Unknown Source)
	at java.lang.reflect.Method.invoke(Unknown Source)
	at org.testng.internal.MethodInvocationHelper.invokeMethod(MethodInvocationHelper.java:108)
	at org.testng.internal.Invoker.invokeConfigurationMethod(Invoker.java:523)
	at org.testng.internal.Invoker.invokeConfigurations(Invoker.java:224)
	at org.testng.internal.Invoker.invokeConfigurations(Invoker.java:146)
	at org.testng.SuiteRunner.privateRun(SuiteRunner.java:371)
	at org.testng.SuiteRunner.run(SuiteRunner.java:334)
	at org.testng.SuiteRunnerWorker.runSuite(SuiteRunnerWorker.java:52)
	at org.testng.SuiteRunnerWorker.run(SuiteRunnerWorker.java:86)
	at org.testng.TestNG.runSuitesSequentially(TestNG.java:1318)
	at org.testng.TestNG.runSuitesLocally(TestNG.java:1243)
	at org.testng.TestNG.runSuites(TestNG.java:1161)
	at org.testng.TestNG.run(TestNG.java:1129)
	at org.testng.remote.AbstractRemoteTestNG.run(AbstractRemoteTestNG.java:114)
	at org.testng.remote.RemoteTestNG.initAndRun(RemoteTestNG.java:251)
	at org.testng.remote.RemoteTestNG.main(RemoteTestNG.java:77)
]]>
    </error>
  </testcase> <!-- start -->
  <testcase name="TestCase_80520" time="0.000" classname="com.automation.drivers.DriverScript_Smoke">
    <skipped/>
  </testcase> <!-- TestCase_80520 -->
  <testcase name="CustMgmt_Create_Customer" time="0.000" classname="com.automation.drivers.DriverScript_Smoke">
    <skipped/>
  </testcase> <!-- CustMgmt_Create_Customer -->
  <testcase name="TestCase_80522" time="0.000" classname="com.automation.drivers.DriverScript_Smoke">
    <skipped/>
  </testcase> <!-- TestCase_80522 -->
  <testcase name="TestCase_80521" time="0.000" classname="com.automation.drivers.DriverScript_Smoke">
    <skipped/>
  </testcase> <!-- TestCase_80521 -->
  <testcase name="TestCase_80523" time="0.000" classname="com.automation.drivers.DriverScript_Smoke">
    <skipped/>
  </testcase> <!-- TestCase_80523 -->
  <testcase name="TestCase_80525" time="0.000" classname="com.automation.drivers.DriverScript_Smoke">
    <skipped/>
  </testcase> <!-- TestCase_80525 -->
  <testcase name="TestCase_80526" time="0.000" classname="com.automation.drivers.DriverScript_Smoke">
    <skipped/>
  </testcase> <!-- TestCase_80526 -->
  <testcase name="TestCase_80527" time="0.000" classname="com.automation.drivers.DriverScript_Smoke">
    <skipped/>
  </testcase> <!-- TestCase_80527 -->
  <testcase name="TestCase_80528" time="0.000" classname="com.automation.drivers.DriverScript_Smoke">
    <skipped/>
  </testcase> <!-- TestCase_80528 -->
  <testcase name="TestCase_80530" time="0.000" classname="com.automation.drivers.DriverScript_Smoke">
    <skipped/>
  </testcase> <!-- TestCase_80530 -->
  <testcase name="TestCase_80531" time="0.000" classname="com.automation.drivers.DriverScript_Smoke">
    <skipped/>
  </testcase> <!-- TestCase_80531 -->
  <testcase name="TestCase_80532" time="0.000" classname="com.automation.drivers.DriverScript_Smoke">
    <skipped/>
  </testcase> <!-- TestCase_80532 -->
  <testcase name="TestCase_80533" time="0.000" classname="com.automation.drivers.DriverScript_Smoke">
    <skipped/>
  </testcase> <!-- TestCase_80533 -->
  <testcase name="TestCase_80538" time="0.000" classname="com.automation.drivers.DriverScript_Smoke">
    <skipped/>
  </testcase> <!-- TestCase_80538 -->
  <testcase name="TestCase_80535" classname="com.automation.drivers.DriverScript_Smoke">
    <skipped/>
  </testcase> <!-- TestCase_80535 -->
  <testcase name="TestCase_80536" classname="com.automation.drivers.DriverScript_Smoke">
    <skipped/>
  </testcase> <!-- TestCase_80536 -->
  <testcase name="TestCase_80537" classname="com.automation.drivers.DriverScript_Smoke">
    <skipped/>
  </testcase> <!-- TestCase_80537 -->
</testsuite> <!-- com.automation.drivers.DriverScript_Smoke -->
