<?xml version="1.0" encoding="UTF-8"?>
<!-- Generated by org.testng.reporters.JUnitXMLReporter -->
<testsuite hostname="RAJUK4" ignored="6" name="Automation Test" tests="29" failures="1" timestamp="08 Mar 2018 05:10:10 GMT" time="224.033" errors="0">
  <testcase name="TestCase_80520" time="1.016" classname="com.automation.drivers.DriverScript_Smoke"/>
  <testcase name="CustMgmt_Create_Customer" time="18.948" classname="com.automation.drivers.DriverScript_Smoke"/>
  <testcase name="TestCase_80522" time="21.208" classname="com.automation.drivers.DriverScript_Smoke"/>
  <testcase name="TestCase_80521" time="158.608" classname="com.automation.drivers.DriverScript_Smoke">
    <failure type="org.openqa.selenium.TimeoutException" message="Expected condition failed: waiting for element to no longer be visible: By.cssSelector: .loader (tried for 100 second(s) with 500 MILLISECONDS interval)
Build info: version: &amp;apos;3.8.1&amp;apos;, revision: &amp;apos;6e95a6684b&amp;apos;, time: &amp;apos;2017-12-01T19:05:14.666Z&amp;apos;
System info: host: &amp;apos;RAJUK4&amp;apos;, ip: &amp;apos;10.41.105.36&amp;apos;, os.name: &amp;apos;Windows 7&amp;apos;, os.arch: &amp;apos;amd64&amp;apos;, os.version: &amp;apos;6.1&amp;apos;, java.version: &amp;apos;1.8.0_121&amp;apos;
Driver info: org.openqa.selenium.chrome.ChromeDriver
Capabilities {acceptSslCerts: true, applicationCacheEnabled: false, browserConnectionEnabled: false, browserName: chrome, chrome: {chromedriverVersion: 2.33.506120 (e3e53437346286..., userDataDir: C:\Users\rajuk\AppData\Loca...}, cssSelectorsEnabled: true, databaseEnabled: false, handlesAlerts: true, hasTouchScreen: false, javascriptEnabled: true, locationContextEnabled: true, mobileEmulationEnabled: false, nativeEvents: true, networkConnectionEnabled: false, pageLoadStrategy: normal, platform: XP, platformName: XP, rotatable: false, setWindowRect: true, takesHeapSnapshot: true, takesScreenshot: true, unexpectedAlertBehaviour: , unhandledPromptBehavior: , version: 64.0.3282.186, webStorageEnabled: true}
Session ID: da585427b21a25c511b2542418f67879">
      <![CDATA[org.openqa.selenium.TimeoutException: Expected condition failed: waiting for element to no longer be visible: By.cssSelector: .loader (tried for 100 second(s) with 500 MILLISECONDS interval)
Build info: version: '3.8.1', revision: '6e95a6684b', time: '2017-12-01T19:05:14.666Z'
System info: host: 'RAJUK4', ip: '10.41.105.36', os.name: 'Windows 7', os.arch: 'amd64', os.version: '6.1', java.version: '1.8.0_121'
Driver info: org.openqa.selenium.chrome.ChromeDriver
Capabilities {acceptSslCerts: true, applicationCacheEnabled: false, browserConnectionEnabled: false, browserName: chrome, chrome: {chromedriverVersion: 2.33.506120 (e3e53437346286..., userDataDir: C:\Users\rajuk\AppData\Loca...}, cssSelectorsEnabled: true, databaseEnabled: false, handlesAlerts: true, hasTouchScreen: false, javascriptEnabled: true, locationContextEnabled: true, mobileEmulationEnabled: false, nativeEvents: true, networkConnectionEnabled: false, pageLoadStrategy: normal, platform: XP, platformName: XP, rotatable: false, setWindowRect: true, takesHeapSnapshot: true, takesScreenshot: true, unexpectedAlertBehaviour: , unhandledPromptBehavior: , version: 64.0.3282.186, webStorageEnabled: true}
Session ID: da585427b21a25c511b2542418f67879
	at org.openqa.selenium.support.ui.WebDriverWait.timeoutException(WebDriverWait.java:82)
	at org.openqa.selenium.support.ui.FluentWait.until(FluentWait.java:231)
	at com.automation.pageobjects.SmokeTest.EnterUserValues(SmokeTest.java:319)
	at com.automation.drivers.DriverScript_Smoke.TestCase_80521(DriverScript_Smoke.java:147)
... Removed 25 stack frames]]>
    </failure>
  </testcase> <!-- TestCase_80521 -->
  <testcase name="TestCase_80523" time="0.0" classname="com.automation.drivers.DriverScript_Smoke">
    <skipped/>
  </testcase> <!-- TestCase_80523 -->
  <testcase name="TestCase_80525" time="0.0" classname="com.automation.drivers.DriverScript_Smoke">
    <skipped/>
  </testcase> <!-- TestCase_80525 -->
  <testcase name="TestCase_80526" time="0.0" classname="com.automation.drivers.DriverScript_Smoke">
    <skipped/>
  </testcase> <!-- TestCase_80526 -->
  <testcase name="TestCase_80527" time="0.0" classname="com.automation.drivers.DriverScript_Smoke">
    <skipped/>
  </testcase> <!-- TestCase_80527 -->
  <testcase name="TestCase_80528" time="0.0" classname="com.automation.drivers.DriverScript_Smoke">
    <skipped/>
  </testcase> <!-- TestCase_80528 -->
  <testcase name="TestCase_80530" time="0.0" classname="com.automation.drivers.DriverScript_Smoke">
    <skipped/>
  </testcase> <!-- TestCase_80530 -->
  <testcase name="TestCase_80531" time="0.0" classname="com.automation.drivers.DriverScript_Smoke">
    <skipped/>
  </testcase> <!-- TestCase_80531 -->
  <testcase name="TestCase_80532" time="0.0" classname="com.automation.drivers.DriverScript_Smoke">
    <skipped/>
  </testcase> <!-- TestCase_80532 -->
  <testcase name="TestCase_80533" time="0.0" classname="com.automation.drivers.DriverScript_Smoke">
    <skipped/>
  </testcase> <!-- TestCase_80533 -->
  <testcase name="TestCase_80538" time="0.0" classname="com.automation.drivers.DriverScript_Smoke">
    <skipped/>
  </testcase> <!-- TestCase_80538 -->
  <testcase name="UploadCP" time="0.0" classname="com.automation.drivers.DriverScript_BulkImport">
    <skipped/>
  </testcase> <!-- UploadCP -->
  <testcase name="UploadDP1" time="0.0" classname="com.automation.drivers.DriverScript_BulkImport">
    <skipped/>
  </testcase> <!-- UploadDP1 -->
  <testcase name="CreateBulkImport_SimpleUplinkFlow_GU" time="0.0" classname="com.automation.drivers.DriverScript_BulkImport">
    <skipped/>
  </testcase> <!-- CreateBulkImport_SimpleUplinkFlow_GU -->
  <testcase name="UpdateBulkImport_SimpleUplinkFlow_GU" time="0.0" classname="com.automation.drivers.DriverScript_BulkImport">
    <skipped/>
  </testcase> <!-- UpdateBulkImport_SimpleUplinkFlow_GU -->
  <testcase name="DeleteBulkImport_SimpleUplinkFlow_GU" time="0.0" classname="com.automation.drivers.DriverScript_BulkImport">
    <skipped/>
  </testcase> <!-- DeleteBulkImport_SimpleUplinkFlow_GU -->
  <testcase name="CreateBulkImport_SimpleDownlinkFlow_GU" time="0.0" classname="com.automation.drivers.DriverScript_BulkImport">
    <skipped/>
  </testcase> <!-- CreateBulkImport_SimpleDownlinkFlow_GU -->
  <testcase name="UpdateBulkImport_SimpleDownlinkFlow_GU" time="0.0" classname="com.automation.drivers.DriverScript_BulkImport">
    <skipped/>
  </testcase> <!-- UpdateBulkImport_SimpleDownlinkFlow_GU -->
  <testcase name="DeleteBulkImport_SimpleDownlinkFlow_GU" time="0.0" classname="com.automation.drivers.DriverScript_BulkImport">
    <skipped/>
  </testcase> <!-- DeleteBulkImport_SimpleDownlinkFlow_GU -->
  <testcase name="UploadDP4" time="0.0" classname="com.automation.drivers.DriverScript_BulkImport">
    <skipped/>
  </testcase> <!-- UploadDP4 -->
  <testcase name="CreateBulkImport_DecryptUplinkFlow_GU" time="0.0" classname="com.automation.drivers.DriverScript_BulkImport">
    <skipped/>
  </testcase> <!-- CreateBulkImport_DecryptUplinkFlow_GU -->
  <testcase name="UpdateBulkImport_DecryptUplinkFlow_GU" time="0.0" classname="com.automation.drivers.DriverScript_BulkImport">
    <skipped/>
  </testcase> <!-- UpdateBulkImport_DecryptUplinkFlow_GU -->
  <testcase name="DeleteBulkImport_DecryptUplinkFlow_GU" time="0.0" classname="com.automation.drivers.DriverScript_BulkImport">
    <skipped/>
  </testcase> <!-- DeleteBulkImport_DecryptUplinkFlow_GU -->
  <testcase name="CreateBulkImport_EncryptDownlinkFlow_GU" time="0.0" classname="com.automation.drivers.DriverScript_BulkImport">
    <skipped/>
  </testcase> <!-- CreateBulkImport_EncryptDownlinkFlow_GU -->
  <testcase name="UpdateBulkImport_EncryptDownlinkFlow_GU" time="0.0" classname="com.automation.drivers.DriverScript_BulkImport">
    <skipped/>
  </testcase> <!-- UpdateBulkImport_EncryptDownlinkFlow_GU -->
  <testcase name="DeleteBulkImport_EncryptDownlinkFlow_GU" time="0.0" classname="com.automation.drivers.DriverScript_BulkImport">
    <skipped/>
  </testcase> <!-- DeleteBulkImport_EncryptDownlinkFlow_GU -->
  <testcase name="TestCase_80535" time="0.0" classname="com.automation.drivers.DriverScript_Smoke">
    <ignored/>
  </testcase> <!-- TestCase_80535 -->
  <testcase name="TestCase_80536" time="0.0" classname="com.automation.drivers.DriverScript_Smoke">
    <ignored/>
  </testcase> <!-- TestCase_80536 -->
  <testcase name="TestCase_80537" time="0.0" classname="com.automation.drivers.DriverScript_Smoke">
    <ignored/>
  </testcase> <!-- TestCase_80537 -->
  <testcase name="UploadDP2" time="0.0" classname="com.automation.drivers.DriverScript_BulkImport">
    <ignored/>
  </testcase> <!-- UploadDP2 -->
  <testcase name="MQTTCreate_SimpleUplinkFlow_GU" time="0.0" classname="com.automation.drivers.DriverScript_BulkImport">
    <ignored/>
  </testcase> <!-- MQTTCreate_SimpleUplinkFlow_GU -->
  <testcase name="UploadDP3" time="0.0" classname="com.automation.drivers.DriverScript_BulkImport">
    <ignored/>
  </testcase> <!-- UploadDP3 -->
</testsuite> <!-- Automation Test -->
